Unable to capture context for thread 1896 in process 13376, can not generate back trace
Unable to capture context for thread 1896 in process 13376, can not generate back trace
Exception at PC 0x00007FFBA8ABBB93
Printing stacktrace...

Exception at PC 0x00007FFC1FA4A799
Exception at PC 0x00007FFC1FA4A799
Exception at PC 0x00007FFC1FA4A799
Exception at PC 0x00007FFC1FA4A799
Exception at PC 0x00007FFC1FA4A799
Exception at PC 0x00007FFC1FA4A799
Exception at PC 0x00007FFC1FA4A799
Exception at PC 0x00007FFC1FA4A799
Exception at PC 0x00007FFC1FA4A799
Exception at PC 0x00007FFC1FA4A799
Exception at PC 0x00007FFC1FA4A799
Exception at PC 0x00007FFC1FA4A799
Exception at PC 0x00007FFC1FA4A799
Exception at PC 0x00007FFC1FA4A799
[0]  [0x00007FFBA8ABBB93]
[1]  [0x00007FFBA8ABBB93]
[2]  [0x00007FFBA8ABB4A1]
[3]  [0x00007FFBA8ABB3EF]
[4]  [0x00007FFBA8AA19FE]
[5]  [0x00007FFBA8AA0ED1]
[6]  [0x00007FFBA8AA0D76]
[7]  [0x00007FFBA8A479F6]
[8]  [0x00007FFBA8A37AFB]
[9]  [0x00007FFBA8B5E90A]
[10]  [0x00007FFBA8B79F87]
[11]  [0x00007FFBA8B7A05F]
[12] (BaseThreadInitThunk+0x14) [0x00007FFC22157BD4]
[13] (RtlUserThreadStart+0x21) [0x00007FFC22AECE51]
Done
Exception at PC 0x00007FFC1FA4A799
Exception at PC 0x00007FFC1FA4A799
Exception at PC 0x00007FFC1FA4A799
Exception at PC 0x00007FFC1FA4A799
