Unable to capture context for thread 19652 in process 18048, can not generate back trace
Unable to capture context for thread 19652 in process 18048, can not generate back trace
Exception at PC 0x00007FFBF352A799
Exception at PC 0x00007FFBB8B4BB93
Printing stacktrace...

Exception at PC 0x00007FFBF352A799
Exception at PC 0x00007FFBF352A799
Exception at PC 0x00007FFBF352A799
Exception at PC 0x00007FFBF352A799
Exception at PC 0x00007FFBF352A799
Exception at PC 0x00007FFBF352A799
Exception at PC 0x00007FFBF352A799
Exception at PC 0x00007FFBF352A799
Exception at PC 0x00007FFBF352A799
Exception at PC 0x00007FFBF352A799
Exception at PC 0x00007FFBF352A799
Exception at PC 0x00007FFBF352A799
[0]  [0x00007FFBB8B4BB93]
[1]  [0x00007FFBB8B4BB93]
[2]  [0x00007FFBB8B4B4A1]
[3]  [0x00007FFBB8B4B3EF]
[4]  [0x00007FFBB8B319FE]
[5]  [0x00007FFBB8B30ED1]
[6]  [0x00007FFBB8B30D76]
[7]  [0x00007FFBB8AD79F6]
[8]  [0x00007FFBB8AC7AFB]
[9]  [0x00007FFBB8BEE90A]
[10]  [0x00007FFBB8C09F87]
[11]  [0x00007FFBB8C0A05F]
[12] (BaseThreadInitThunk+0x14) [0x00007FFBF6207BD4]
[13] (RtlUserThreadStart+0x21) [0x00007FFBF642CE51]
Done
Exception at PC 0x00007FFBF352A799
Exception at PC 0x00007FFBF352A799
Exception at PC 0x00007FFBF352A799
Exception at PC 0x00007FFBF352A799
Exception at PC 0x00007FFBF352A799
