INFO: [VRFC 10-2263] Analyzing SystemVerilog file "C:/Xilinx/Vivado/2016.2/data/ip/xpm/xpm_cdc/hdl/xpm_cdc.sv" into library xil_defaultlib
INFO: [VRFC 10-311] analyzing module xpm_cdc_single
INFO: [VRFC 10-311] analyzing module xpm_cdc_gray
INFO: [VRFC 10-311] analyzing module xpm_cdc_handshake
INFO: [VRFC 10-311] analyzing module xpm_cdc_pulse
INFO: [VRFC 10-311] analyzing module xpm_cdc_array_single
INFO: [VRFC 10-311] analyzing module xpm_cdc_sync_rst
INFO: [VRFC 10-311] analyzing module xpm_cdc_async_rst
INFO: [VRFC 10-2263] Analyzing Verilog file "C:/Users/eleni/Documents/GitHub/TFG/Practica 2/Practica 2.srcs/sources_1/ip/clk_wiz_0/clk_wiz_0_clk_wiz.v" into library xil_defaultlib
INFO: [VRFC 10-311] analyzing module clk_wiz_0_clk_wiz
INFO: [VRFC 10-2263] Analyzing Verilog file "C:/Users/eleni/Documents/GitHub/TFG/Practica 2/Practica 2.srcs/sources_1/ip/clk_wiz_0/clk_wiz_0.v" into library xil_defaultlib
INFO: [VRFC 10-311] analyzing module clk_wiz_0
INFO: [VRFC 10-2263] Analyzing Verilog file "C:/Users/eleni/Documents/GitHub/TFG/Practica 2/Practica 2.sim/sim_1/behav/glbl.v" into library xil_defaultlib
INFO: [VRFC 10-311] analyzing module glbl
INFO: [VRFC 10-163] Analyzing VHDL file "C:/Xilinx/Vivado/2016.2/data/ip/xpm/xpm_VCOMP.vhd" into library xpm
INFO: [VRFC 10-163] Analyzing VHDL file "C:/Users/eleni/Documents/GitHub/TFG/Practica 2/controlador_vga_640_x_480_60.vhd" into library xil_defaultlib
INFO: [VRFC 10-307] analyzing entity controlador_vga_640_x_480_60
INFO: [VRFC 10-163] Analyzing VHDL file "C:/Users/eleni/Documents/GitHub/TFG/Practica 2/bola.vhd" into library xil_defaultlib
INFO: [VRFC 10-307] analyzing entity bola
INFO: [VRFC 10-163] Analyzing VHDL file "C:/Users/eleni/Documents/GitHub/TFG/Practica 2/vga_top.vhd" into library xil_defaultlib
INFO: [VRFC 10-307] analyzing entity vga_top
