This is pdfTeX, Version 3.14159265-2.6-1.40.21 (MiKTeX 20.6.29) (preloaded format=pdflatex 2020.8.8)  13 AUG 2020 13:19
entering extended mode
**c:/Users/eleni/Documents/GitHub/TFG/TFG/proyecto.tex
(c:/Users/eleni/Documents/GitHub/TFG/TFG/proyecto.tex
LaTeX2e <2020-02-02> patch level 5
L3 programming layer <2020-06-18> ("C:\Program Files\MiKTeX\tex/latex/base\book.cls"
Document Class: book 2019/12/20 v1.4l Standard LaTeX document class
("C:\Program Files\MiKTeX\tex/latex/base\bk11.clo"
File: bk11.clo 2019/12/20 v1.4l Standard LaTeX file (size option)
)
\c@part=\count167
\c@chapter=\count168
\c@section=\count169
\c@subsection=\count170
\c@subsubsection=\count171
\c@paragraph=\count172
\c@subparagraph=\count173
\c@figure=\count174
\c@table=\count175
\abovecaptionskip=\skip47
\belowcaptionskip=\skip48
\bibindent=\dimen134
) ("C:\Program Files\MiKTeX\tex/latex/listings\listings.sty" ("C:\Program Files\MiKTeX\tex/latex/graphics\keyval.sty"
Package: keyval 2014/10/28 v1.15 key=value parser (DPC)
\KV@toks@=\toks15
)
\lst@mode=\count176
\lst@gtempboxa=\box45
\lst@token=\toks16
\lst@length=\count177
\lst@currlwidth=\dimen135
\lst@column=\count178
\lst@pos=\count179
\lst@lostspace=\dimen136
\lst@width=\dimen137
\lst@newlines=\count180
\lst@lineno=\count181
\lst@maxwidth=\dimen138
 ("C:\Program Files\MiKTeX\tex/latex/listings\lstmisc.sty"
File: lstmisc.sty 2020/03/24 1.8d (Carsten Heinz)
\c@lstnumber=\count182
\lst@skipnumbers=\count183
\lst@framebox=\box46
) ("C:\Program Files\MiKTeX\tex/latex/listings\listings.cfg"
File: listings.cfg 2020/03/24 1.8d listings configuration
))
Package: listings 2020/03/24 1.8d (Carsten Heinz)
 ("C:\Program Files\MiKTeX\tex/latex/base\inputenc.sty"
Package: inputenc 2018/08/11 v1.3c Input encoding file
\inpenc@prehook=\toks17
\inpenc@posthook=\toks18
) ("C:\Program Files\MiKTeX\tex/generic/babel\babel.sty"
Package: babel 2020/06/10 3.45 The Babel package
 ("C:\Program Files\MiKTeX\tex/generic/babel\babel.def"
File: babel.def 2020/06/10 3.45 Babel common definitions
\babel@savecnt=\count184
\U@D=\dimen139
\l@babelnohyphens=\language79
 ("C:\Program Files\MiKTeX\tex/generic/babel\txtbabel.def")
\bbl@readstream=\read2
)
\bbl@dirlevel=\count185

*************************************
* Local config file bblopts.cfg used
*
("C:\Program Files\MiKTeX\tex/latex/arabi\bblopts.cfg"
File: bblopts.cfg 2005/09/08 v0.1 add Arabic and Farsi to "declared" options of babel
) ("C:\Users\eleni\AppData\Local\Programs\MiKTeX 2.9\tex/latex/babel-spanish\spanish.ldf"
Language: spanish.ldf 2016/03/03 v5.0p Spanish support from the babel system
\es@quottoks=\toks19
\es@quotdepth=\count186
Package babel Info: Making " an active character on input line 561.
Package babel Info: Making . an active character on input line 662.
Package babel Info: Making < an active character on input line 707.
Package babel Info: Making > an active character on input line 707.
)) ("C:\Program Files\MiKTeX\tex/latex/tools\xspace.sty"
Package: xspace 2014/10/28 v1.13 Space after command names (DPC,MH)
) ("C:\Program Files\MiKTeX\tex/latex/tools\dcolumn.sty"
Package: dcolumn 2014/10/28 v1.06 decimal alignment package (DPC)
 ("C:\Program Files\MiKTeX\tex/latex/tools\array.sty"
Package: array 2019/08/31 v2.4l Tabular extension package (FMi)
\col@sep=\dimen140
\ar@mcellbox=\box47
\extrarowheight=\dimen141
\NC@list=\toks20
\extratabsurround=\skip49
\backup@length=\skip50
\ar@cellbox=\box48
)) ("C:\Program Files\MiKTeX\tex/latex/tools\verbatim.sty"
Package: verbatim 2019/11/10 v1.5r LaTeX2e package for verbatim enhancements
\every@verbatim=\toks21
\verbatim@line=\toks22
\verbatim@in@stream=\read3
) ("C:\Users\eleni\AppData\Local\Programs\MiKTeX 2.9\tex/latex/fancyhdr\fancyhdr.sty"
Package: fancyhdr 2019/01/31 v3.10 Extensive control of page headers and footers
\f@nch@headwidth=\skip51
\f@nch@O@elh=\skip52
\f@nch@O@erh=\skip53
\f@nch@O@olh=\skip54
\f@nch@O@orh=\skip55
\f@nch@O@elf=\skip56
\f@nch@O@erf=\skip57
\f@nch@O@olf=\skip58
\f@nch@O@orf=\skip59
) ("C:\Program Files\MiKTeX\tex/latex/graphics\graphicx.sty"
Package: graphicx 2019/11/30 v1.2a Enhanced LaTeX Graphics (DPC,SPQR)
 ("C:\Program Files\MiKTeX\tex/latex/graphics\graphics.sty"
Package: graphics 2019/11/30 v1.4a Standard LaTeX Graphics (DPC,SPQR)
 ("C:\Program Files\MiKTeX\tex/latex/graphics\trig.sty"
Package: trig 2016/01/03 v1.10 sin cos tan (DPC)
) ("C:\Program Files\MiKTeX\tex/latex/graphics-cfg\graphics.cfg"
File: graphics.cfg 2016/06/04 v1.11 sample graphics configuration
)
Package graphics Info: Driver file: pdftex.def on input line 105.
 ("C:\Program Files\MiKTeX\tex/latex/graphics-def\pdftex.def"
File: pdftex.def 2018/01/08 v1.0l Graphics/color driver for pdftex
))
\Gin@req@height=\dimen142
\Gin@req@width=\dimen143
) ("C:\Program Files\MiKTeX\tex/latex/tools\afterpage.sty"
Package: afterpage 2014/10/28 v1.08 After-Page Package (DPC)
\AP@output=\toks23
\AP@partial=\box49
\AP@footins=\box50
) ("C:\Program Files\MiKTeX\tex/latex/tools\longtable.sty"
Package: longtable 2020/01/07 v4.13 Multi-page Table package (DPC)
\LTleft=\skip60
\LTright=\skip61
\LTpre=\skip62
\LTpost=\skip63
\LTchunksize=\count187
\LTcapwidth=\dimen144
\LT@head=\box51
\LT@firsthead=\box52
\LT@foot=\box53
\LT@lastfoot=\box54
\LT@cols=\count188
\LT@rows=\count189
\c@LT@tables=\count190
\c@LT@chunks=\count191
\LT@p@ftn=\toks24
) ("C:\Users\eleni\AppData\Local\Programs\MiKTeX 2.9\tex/latex/natbib\natbib.sty"
Package: natbib 2010/09/13 8.31b (PWD, AO)
\bibhang=\skip64
\bibsep=\skip65
LaTeX Info: Redefining \cite on input line 694.
\c@NAT@ctr=\count192
) ("C:\Users\eleni\AppData\Local\Programs\MiKTeX 2.9\tex/latex/float\float.sty"
Package: float 2001/11/08 v1.3d Float enhancements (AL)
\c@float@type=\count193
\float@exts=\toks25
\float@box=\box55
\@float@everytoks=\toks26
\@floatcapt=\box56
) ("C:\Program Files\MiKTeX\tex/latex/url\url.sty"
\Urlmuskip=\muskip16
Package: url 2013/09/16  ver 3.4  Verb mode for urls, etc.
) ("C:\Users\eleni\AppData\Local\Programs\MiKTeX 2.9\tex/latex/colortbl\colortbl.sty"
Package: colortbl 2020/01/04 v1.0e Color table columns (DPC)
 ("C:\Program Files\MiKTeX\tex/latex/graphics\color.sty"
Package: color 2019/11/23 v1.2a Standard LaTeX Color (DPC)
 ("C:\Program Files\MiKTeX\tex/latex/graphics-cfg\color.cfg"
File: color.cfg 2016/01/02 v1.6 sample color configuration
)
Package color Info: Driver file: pdftex.def on input line 147.
)
\everycr=\toks27
\minrowclearance=\skip66
) ("C:\Users\eleni\AppData\Local\Programs\MiKTeX 2.9\tex/latex/footmisc\footmisc.sty"
Package: footmisc 2011/06/06 v5.5b a miscellany of footnote facilities
\FN@temptoken=\toks28
\footnotemargin=\dimen145
\c@pp@next@reset=\count194
Package footmisc Info: Declaring symbol style bringhurst on input line 855.
Package footmisc Info: Declaring symbol style chicago on input line 863.
Package footmisc Info: Declaring symbol style wiley on input line 872.
Package footmisc Info: Declaring symbol style lamport-robust on input line 883.
Package footmisc Info: Declaring symbol style lamport* on input line 903.
Package footmisc Info: Declaring symbol style lamport*-robust on input line 924.
) ("C:\Users\eleni\AppData\Local\Programs\MiKTeX 2.9\tex/latex/pdfpages\pdfpages.sty"
Package: pdfpages 2020/01/28 v0.5q Insert pages of external PDF documents (AM)
 ("C:\Program Files\MiKTeX\tex/latex/base\ifthen.sty"
Package: ifthen 2014/09/29 v1.1c Standard LaTeX ifthen package (DPC)
) ("C:\Program Files\MiKTeX\tex/latex/tools\calc.sty"
Package: calc 2017/05/25 v4.3 Infix arithmetic (KKT,FJ)
\calc@Acount=\count195
\calc@Bcount=\count196
\calc@Adimen=\dimen146
\calc@Bdimen=\dimen147
\calc@Askip=\skip67
\calc@Bskip=\skip68
LaTeX Info: Redefining \setlength on input line 80.
LaTeX Info: Redefining \addtolength on input line 81.
\calc@Ccount=\count197
\calc@Cskip=\skip69
) ("C:\Users\eleni\AppData\Local\Programs\MiKTeX 2.9\tex/latex/eso-pic\eso-pic.sty"
Package: eso-pic 2018/04/12 v2.0h eso-pic (RN)
 ("C:\Users\eleni\AppData\Local\Programs\MiKTeX 2.9\tex/generic/atbegshi\atbegshi.sty"
Package: atbegshi 2019/12/05 v1.19 At begin shipout hook (HO)
 ("C:\Users\eleni\AppData\Local\Programs\MiKTeX 2.9\tex/generic/infwarerr\infwarerr.sty"
Package: infwarerr 2019/12/03 v1.5 Providing info/warning/error messages (HO)
) ("C:\Users\eleni\AppData\Local\Programs\MiKTeX 2.9\tex/generic/ltxcmds\ltxcmds.sty"
Package: ltxcmds 2019/12/15 v1.24 LaTeX kernel commands for general use (HO)
) ("C:\Program Files\MiKTeX\tex/generic/iftex\iftex.sty"
Package: iftex 2020/03/06 v1.0d TeX engine tests
)))
\AM@pagewidth=\dimen148
\AM@pageheight=\dimen149
 ("C:\Users\eleni\AppData\Local\Programs\MiKTeX 2.9\tex/latex/pdfpages\pppdftex.def"
File: pppdftex.def 2020/01/28 v0.5q Pdfpages driver for pdfTeX (AM)
)
\AM@pagebox=\box57
\AM@global@opts=\toks29
\AM@pagecnt=\count198
\AM@toc@title=\toks30
\c@AM@survey=\count199
\AM@templatesizebox=\box58
) ("C:\Program Files\MiKTeX\tex/latex/l3backend\l3backend-pdfmode.def"
File: l3backend-pdfmode.def 2020-06-29 L3 backend support: PDF mode
\l__kernel_color_stack_int=\count266
\l__pdf_internal_box=\box59
) (c:/Users\eleni\Documents\GitHub\TFG\TFG\build\proyecto.aux
LaTeX Info: Redefining \. on input line 8.
LaTeX Info: Redefining \% on input line 8.
)
\openout1 = `proyecto.aux'.

LaTeX Font Info:    Checking defaults for OML/cmm/m/it on input line 131.
LaTeX Font Info:    ... okay on input line 131.
LaTeX Font Info:    Checking defaults for OMS/cmsy/m/n on input line 131.
LaTeX Font Info:    ... okay on input line 131.
LaTeX Font Info:    Checking defaults for OT1/cmr/m/n on input line 131.
LaTeX Font Info:    ... okay on input line 131.
LaTeX Font Info:    Checking defaults for T1/cmr/m/n on input line 131.
LaTeX Font Info:    ... okay on input line 131.
LaTeX Font Info:    Checking defaults for TS1/cmr/m/n on input line 131.
LaTeX Font Info:    ... okay on input line 131.
LaTeX Font Info:    Checking defaults for OMX/cmex/m/n on input line 131.
LaTeX Font Info:    ... okay on input line 131.
LaTeX Font Info:    Checking defaults for U/cmr/m/n on input line 131.
LaTeX Font Info:    ... okay on input line 131.
\c@lstlisting=\count267
LaTeX Info: Redefining \. on input line 131.
LaTeX Info: Redefining \% on input line 131.
 ("C:\Program Files\MiKTeX\tex/context/base/mkii\supp-pdf.mkii"
[Loading MPS to PDF converter (version 2006.09.02).]
\scratchcounter=\count268
\scratchdimen=\dimen150
\scratchbox=\box60
\nofMPsegments=\count269
\nofMParguments=\count270
\everyMPshowfont=\toks31
\MPscratchCnt=\count271
\MPscratchDim=\dimen151
\MPnumerator=\count272
\makeMPintoPDFobject=\count273
\everyMPtoPDFconversion=\toks32
) ("C:\Program Files\MiKTeX\tex/latex/epstopdf-pkg\epstopdf-base.sty"
Package: epstopdf-base 2020-01-24 v2.11 Base part for package epstopdf
Package epstopdf-base Info: Redefining graphics rule for `.eps' on input line 485.
)
\AtBeginShipoutBox=\box61
 ("C:\Users\eleni\AppData\Local\Programs\MiKTeX 2.9\tex/latex/pdflscape\pdflscape.sty"
Package: pdflscape 2019/12/05 v0.12 Display of landscape pages in PDF (HO)
 ("C:\Program Files\MiKTeX\tex/latex/graphics\lscape.sty"
Package: lscape 2000/10/22 v3.01 Landscape Pages (DPC)
)
Package pdflscape Info: Auto-detected driver: pdftex on input line 81.
) (portada/portada.tex
\centeroffset=\skip70
<imagenes/logo_ugr.jpg, id=1, 777.90625pt x 231.86626pt>
File: imagenes/logo_ugr.jpg Graphic file (type jpg)
<use imagenes/logo_ugr.jpg>
Package pdftex.def Info: imagenes/logo_ugr.jpg  used on input line 12.
(pdftex.def)             Requested size: 323.9978pt x 96.57295pt.
LaTeX Font Info:    External font `cmex10' loaded for size
(Font)              <10.95> on input line 22.
LaTeX Font Info:    External font `cmex10' loaded for size
(Font)              <8> on input line 22.
LaTeX Font Info:    External font `cmex10' loaded for size
(Font)              <6> on input line 22.

Overfull \hbox (24.0pt too wide) in paragraph at lines 9--23
| $[]$ 
 []

<imagenes/etsiit_logo.png, id=2, 110.814pt x 40.4712pt>
File: imagenes/etsiit_logo.png Graphic file (type png)
<use imagenes/etsiit_logo.png>
Package pdftex.def Info: imagenes/etsiit_logo.png  used on input line 31.
(pdftex.def)             Requested size: 108.0011pt x 39.44412pt.

Overfull \hbox (24.0pt too wide) in paragraph at lines 25--38
| $[]$ 
 []

[1


{C:/Users/eleni/AppData/Local/MiKTeX/pdftex/config/pdftex.map} <./imagenes/logo_ugr.jpg> <./imagenes/etsiit_logo.png>]) [2

] (c:/Users\eleni\Documents\GitHub\TFG\TFG\build\proyecto.toc
LaTeX Info: Redefining \. on input line 1.
LaTeX Info: Redefining \% on input line 1.
)
\tf@toc=\write3
\openout3 = `proyecto.toc'.

 [1

] [2

] (capitulos/01_ResumenClave.tex
Cap\'{\i }tulo 1.
) (capitulos/02_ResumenInglés.tex [1

] [2

]
Cap\'{\i }tulo 2.
) (capitulos/03_MotivacionIntrosuccion.tex [3] [4

]
Cap\'{\i }tulo 3.

Underfull \vbox (badness 10000) has occurred while \output is active []

 [5]) (capitulos/04_Objetivos.tex
LaTeX Info: Redefining \. on input line 1.
LaTeX Info: Redefining \% on input line 1.
 [6]
LaTeX Info: Redefining \. on input line 1.
LaTeX Info: Redefining \% on input line 1.
 [7] [8

]
Cap\'{\i }tulo 4.
) (capitulos/05_Resolución.tex [9] [10

]
Cap\'{\i }tulo 5.
[11]
<imagenes/zybo.png, id=60, 602.25pt x 450.78412pt>
File: imagenes/zybo.png Graphic file (type png)
<use imagenes/zybo.png>
Package pdftex.def Info: imagenes/zybo.png  used on input line 36.
(pdftex.def)             Requested size: 360.0pt x 269.46829pt.
LaTeX Info: Redefining \. on input line 48.
LaTeX Info: Redefining \% on input line 48.
 [12 <./imagenes/zybo.png>]
<imagenes/Vivado1.png, id=65, 1149.69525pt x 607.67026pt>
File: imagenes/Vivado1.png Graphic file (type png)
<use imagenes/Vivado1.png>
Package pdftex.def Info: imagenes/Vivado1.png  used on input line 62.
(pdftex.def)             Requested size: 360.0pt x 190.27664pt.
LaTeX Info: Redefining \. on input line 69.
LaTeX Info: Redefining \% on input line 69.
 [13 <./imagenes/Vivado1.png>]
<imagenes/vivado2.png, id=70, 1154.51324pt x 588.39825pt>
File: imagenes/vivado2.png Graphic file (type png)
<use imagenes/vivado2.png>
Package pdftex.def Info: imagenes/vivado2.png  used on input line 92.
(pdftex.def)             Requested size: 360.0pt x 183.46999pt.
LaTeX Info: Redefining \. on input line 98.
LaTeX Info: Redefining \% on input line 98.
 [14 <./imagenes/vivado2.png>]
<imagenes/menubar.png, id=75, 247.52475pt x 18.0675pt>
File: imagenes/menubar.png Graphic file (type png)
<use imagenes/menubar.png>
Package pdftex.def Info: imagenes/menubar.png  used on input line 101.
(pdftex.def)             Requested size: 251.9989pt x 18.39468pt.
<imagenes/mcsf.png, id=76, 158.39175pt x 21.681pt>
File: imagenes/mcsf.png Graphic file (type png)
<use imagenes/mcsf.png>
Package pdftex.def Info: imagenes/mcsf.png  used on input line 110.
(pdftex.def)             Requested size: 180.0pt x 24.63884pt.
<imagenes/maintoolbar.png, id=77, 459.51675pt x 22.8855pt>
File: imagenes/maintoolbar.png Graphic file (type png)
<use imagenes/maintoolbar.png>
Package pdftex.def Info: imagenes/maintoolbar.png  used on input line 119.
(pdftex.def)             Requested size: 360.0pt x 17.92952pt.
LaTeX Info: Redefining \. on input line 133.
LaTeX Info: Redefining \% on input line 133.
 [15 <./imagenes/menubar.png> <./imagenes/mcsf.png> <./imagenes/maintoolbar.png>]
<imagenes/flownavigator.png, id=86, 199.34476pt x 545.6385pt>
File: imagenes/flownavigator.png Graphic file (type png)
<use imagenes/flownavigator.png>
Package pdftex.def Info: imagenes/flownavigator.png  used on input line 137.
(pdftex.def)             Requested size: 180.0pt x 492.6853pt.
LaTeX Info: Redefining \. on input line 142.
LaTeX Info: Redefining \% on input line 142.
 [16 <./imagenes/flownavigator.png>]
<imagenes/Layoutselector.png, id=91, 126.4725pt x 114.4275pt>
File: imagenes/Layoutselector.png Graphic file (type png)
<use imagenes/Layoutselector.png>
Package pdftex.def Info: imagenes/Layoutselector.png  used on input line 152.
(pdftex.def)             Requested size: 180.0pt x 162.86008pt.
<imagenes/psb.png, id=92, 95.75775pt x 22.8855pt>
File: imagenes/psb.png Graphic file (type png)
<use imagenes/psb.png>
Package pdftex.def Info: imagenes/psb.png  used on input line 160.
(pdftex.def)             Requested size: 108.0011pt x 25.8135pt.
<imagenes/datawa.png, id=93, 295.70474pt x 177.66376pt>
File: imagenes/datawa.png Graphic file (type png)
<use imagenes/datawa.png>
Package pdftex.def Info: imagenes/datawa.png  used on input line 168.
(pdftex.def)             Requested size: 251.9989pt x 151.40256pt.
LaTeX Info: Redefining \. on input line 171.
LaTeX Info: Redefining \% on input line 171.
 [17 <./imagenes/Layoutselector.png> <./imagenes/psb.png>]
<imagenes/workspace.png, id=98, 643.203pt x 331.2375pt>
File: imagenes/workspace.png Graphic file (type png)
<use imagenes/workspace.png>
Package pdftex.def Info: imagenes/workspace.png  used on input line 176.
(pdftex.def)             Requested size: 251.9989pt x 129.77344pt.
<imagenes/statusbar.png, id=99, 940.7145pt x 187.902pt>
File: imagenes/statusbar.png Graphic file (type png)
<use imagenes/statusbar.png>
Package pdftex.def Info: imagenes/statusbar.png  used on input line 185.
(pdftex.def)             Requested size: 360.0pt x 71.90811pt.
) (capitulos/06_Conclusiones.tex
Underfull \vbox (badness 7186) has occurred while \output is active []

LaTeX Info: Redefining \. on input line 1.
LaTeX Info: Redefining \% on input line 1.
 [18 <./imagenes/datawa.png> <./imagenes/workspace.png> <./imagenes/statusbar.png>]
LaTeX Info: Redefining \. on input line 1.
LaTeX Info: Redefining \% on input line 1.
 [19] [20

]
Cap\'{\i }tulo 6.
) [21] (proyecto.bbl [22


]
Overfull \hbox (9.99629pt too wide) in paragraph at lines 9--14
\OT1/cmtt/m/n/10.95 fundamentals-[]of-[]fpgas-[]what-[]are-[]fpgas-[]and-[]why-[]are-[]they-[]needed$\OT1/cmr/m/n/10.95 . 
 []


Underfull \hbox (badness 4120) in paragraph at lines 37--41
[]\OT1/cmr/m/n/10.95 Xilinx.  Vi-va-do de-sign sui-te user gui-de : Using the vi-va-do
 []

) [23] (c:/Users\eleni\Documents\GitHub\TFG\TFG\build\proyecto.aux
LaTeX Info: Redefining \. on input line 8.
LaTeX Info: Redefining \% on input line 8.
) ) 
Here is how much of TeX's memory you used:
 5957 strings out of 480790
 87102 string characters out of 2907056
 348456 words of memory out of 3000000
 21833 multiletter control sequences out of 15000+200000
 539282 words of font info for 47 fonts, out of 3000000 for 9000
 1141 hyphenation exceptions out of 8191
 37i,13n,45p,297b,486s stack positions out of 5000i,500n,10000p,200000b,50000s
<C:/Program Files/MiKTeX/fonts/type1/public/amsfonts/cm/cmbx10.pfb><C:/Program Files/MiKTeX/fonts/type1/public/amsfonts/cm/cmbx12.pfb><C:/Program Files/MiKTeX/fonts/type1/public/amsfonts/cm/cmbxti10.pfb><C:/Program Files/MiKTeX/fonts/type1/public/amsfonts/cm/cmcsc10.pfb><C:/Program Files/MiKTeX/fonts/type1/public/amsfonts/cm/cmmi10.pfb><C:/Program Files/MiKTeX/fonts/type1/public/amsfonts/cm/cmr10.pfb><C:/Program Files/MiKTeX/fonts/type1/public/amsfonts/cm/cmr8.pfb><C:/Program Files/MiKTeX/fonts/type1/public/amsfonts/cm/cmti10.pfb><C:/Program Files/MiKTeX/fonts/type1/public/amsfonts/cm/cmtt10.pfb>
Output written on c:/Users\eleni\Documents\GitHub\TFG\TFG\build\proyecto.pdf (27 pages, 6948523 bytes).
PDF statistics:
 152 PDF objects out of 1000 (max. 8388607)
 0 named destinations out of 1000 (max. 500000)
 71 words of extra memory for PDF output out of 10000 (max. 10000000)

