Unable to capture context for thread 1736 in process 15112, can not generate back trace
Unable to capture context for thread 1736 in process 15112, can not generate back trace
Exception at PC 0x00007FFC1FA4A799
Exception at PC 0x00007FFBAD32BB93
Printing stacktrace...

Exception at PC 0x00007FFC1FA4A799
Exception at PC 0x00007FFC1FA4A799
Exception at PC 0x00007FFC1FA4A799
Exception at PC 0x00007FFC1FA4A799
Exception at PC 0x00007FFC1FA4A799
Exception at PC 0x00007FFC1FA4A799
Exception at PC 0x00007FFC1FA4A799
Exception at PC 0x00007FFC1FA4A799
Exception at PC 0x00007FFC1FA4A799
Exception at PC 0x00007FFC1FA4A799
Exception at PC 0x00007FFC1FA4A799
Exception at PC 0x00007FFC1FA4A799
Exception at PC 0x00007FFC1FA4A799
[0]  [0x00007FFBAD32BB93]
[1]  [0x00007FFBAD32BB93]
[2]  [0x00007FFBAD32B4A1]
[3]  [0x00007FFBAD32B3EF]
[4]  [0x00007FFBAD3119FE]
[5]  [0x00007FFBAD310ED1]
[6]  [0x00007FFBAD310D76]
[7]  [0x00007FFBAD2B79F6]
[8]  [0x00007FFBAD2A7AFB]
[9]  [0x00007FFBAD3CE90A]
[10]  [0x00007FFBAD3E9F87]
[11]  [0x00007FFBAD3EA05F]
[12] (BaseThreadInitThunk+0x14) [0x00007FFC22157BD4]
[13] (RtlUserThreadStart+0x21) [0x00007FFC22AECE51]
Done
Exception at PC 0x00007FFC1FA4A799
Exception at PC 0x00007FFC1FA4A799
Exception at PC 0x00007FFC1FA4A799
Exception at PC 0x00007FFC1FA4A799
