Exception at PC 0x00007FFAFEB9A799
Exception at PC 0x00007FFAFEB9A799
Unable to capture context for thread 4996 in process 8940, can not generate back trace
Exception at PC 0x00007FFA8CF5BB93
Printing stacktrace...

Unable to capture context for thread 4996 in process 8940, can not generate back trace
Exception at PC 0x00007FFAFEB9A799
Exception at PC 0x00007FFAFEB9A799
Exception at PC 0x00007FFAFEB9A799
Exception at PC 0x00007FFAFEB9A799
Exception at PC 0x00007FFAFEB9A799
Exception at PC 0x00007FFAFEB9A799
Exception at PC 0x00007FFAFEB9A799
Exception at PC 0x00007FFAFEB9A799
Exception at PC 0x00007FFAFEB9A799
Exception at PC 0x00007FFAFEB9A799
Exception at PC 0x00007FFAFEB9A799
Exception at PC 0x00007FFAFEB9A799
[0]  [0x00007FFA8CF5BB93]
[1]  [0x00007FFA8CF5BB93]
[2]  [0x00007FFA8CF5B4A1]
[3]  [0x00007FFA8CF5B3EF]
[4]  [0x00007FFA8CF419FE]
[5]  [0x00007FFA8CF40ED1]
[6]  [0x00007FFA8CF40D76]
[7]  [0x00007FFA8CEE79F6]
[8]  [0x00007FFA8CED7AFB]
[9]  [0x00007FFA8CFFE90A]
[10]  [0x00007FFA8D019F87]
[11]  [0x00007FFA8D01A05F]
[12] (BaseThreadInitThunk+0x14) [0x00007FFB018F7BD4]
[13] (RtlUserThreadStart+0x21) [0x00007FFB01ACCE51]
Done
Exception at PC 0x00007FFAFEB9A799
Exception at PC 0x00007FFAFEB9A799
Exception at PC 0x00007FFAFEB9A799
Exception at PC 0x00007FFAFEB9A799
