Unable to capture context for thread 8360 in process 6916, can not generate back trace
Exception at PC 0x00007FFB6231A719
Exception at PC 0x00007FFB6231A719
Unable to capture context for thread 9400 in process 6916, can not generate back trace
Unable to capture context for thread 9044 in process 6916, can not generate back trace
Unable to capture context for thread 9964 in process 6916, can not generate back trace
Exception at PC 0x00007FFB6231A719
Unable to capture context for thread 9964 in process 6916, can not generate back trace
Exception at PC 0x00007FFAD9D3BB93
Printing stacktrace...

Exception at PC 0x00007FFB6231A719
Exception at PC 0x00007FFB6231A719
Exception at PC 0x00007FFB6231A719
Exception at PC 0x00007FFB6231A719
Exception at PC 0x00007FFB6231A719
Exception at PC 0x00007FFB6231A719
Exception at PC 0x00007FFB6231A719
Exception at PC 0x00007FFB6231A719
Exception at PC 0x00007FFB6231A719
Exception at PC 0x00007FFB6231A719
Exception at PC 0x00007FFB6231A719
Exception at PC 0x00007FFB6231A719
[0]  [0x00007FFAD9D3BB93]
[1]  [0x00007FFAD9D3BB93]
[2]  [0x00007FFAD9D3B4A1]
[3]  [0x00007FFAD9D3B3EF]
[4]  [0x00007FFAD9D219FE]
[5]  [0x00007FFAD9D20ED1]
[6]  [0x00007FFAD9D20D76]
[7]  [0x00007FFAD9CC79F6]
[8]  [0x00007FFAD9CB7AFB]
[9]  [0x00007FFAD9DDE90A]
[10]  [0x00007FFAD9DF9F87]
[11]  [0x00007FFAD9DFA05F]
[12] (BaseThreadInitThunk+0x14) [0x00007FFB63A07BD4]
[13] (RtlUserThreadStart+0x21) [0x00007FFB653CCE51]
Done
Exception at PC 0x00007FFB6231A719
Exception at PC 0x00007FFB6231A719
Exception at PC 0x00007FFB6231A719
